

Microchip Technology PIC18 LITE Macro Assembler V1.45 build -152302408 
                                                                                               Sat Jan 13 13:23:24 2018

Microchip Technology Omniscient Code Generator v1.45 (Free mode) build 201711160504
     1                           	processor	18F45K22
     2                           	fnconf	rparam,??,?,0
     3                           	opt	pw 120
     4                           	opt	lm
     5                           	psect	cinit,global,reloc=2,class=CODE,delta=1
     6                           	psect	cstackCOMRAM,global,class=COMRAM,space=1,delta=1,noexec
     7                           	psect	text0,global,reloc=2,class=CODE,delta=1
     8                           	psect	intsave_regs,global,class=BIGRAM,space=1,delta=1,noexec
     9                           	psect	rparam,global,class=COMRAM,space=1,delta=1,noexec
    10  0000                     
    11                           ; Version 1.45
    12                           ; Generated 16/11/2017 GMT
    13                           ; 
    14                           ; Copyright © 2017, Microchip Technology Inc. and its subsidiaries ("Microchip")
    15                           ; All rights reserved.
    16                           ; 
    17                           ; This software is developed by Microchip Technology Inc. and its subsidiaries ("Microch
      +                          ip").
    18                           ; 
    19                           ; Redistribution and use in source and binary forms, with or without modification, are
    20                           ; permitted provided that the following conditions are met:
    21                           ; 
    22                           ;     1. Redistributions of source code must retain the above copyright notice, this lis
      +                          t of
    23                           ;        conditions and the following disclaimer.
    24                           ; 
    25                           ;     2. Redistributions in binary form must reproduce the above copyright notice, this 
      +                          list
    26                           ;        of conditions and the following disclaimer in the documentation and/or other
    27                           ;        materials provided with the distribution.
    28                           ; 
    29                           ;     3. Microchip's name may not be used to endorse or promote products derived from th
      +                          is
    30                           ;        software without specific prior written permission.
    31                           ; 
    32                           ; THIS SOFTWARE IS PROVIDED BY MICROCHIP "AS IS" AND ANY EXPRESS OR IMPLIED WARRANTIES,
    33                           ; INCLUDING, BUT NOT LIMITED TO, THE IMPLIED WARRANTIES OF MERCHANTABILITY AND FITNESS F
      +                          OR
    34                           ; PURPOSE ARE DISCLAIMED.  IN NO EVENT SHALL MICROCHIP BE LIABLE FOR ANY DIRECT, INDIREC
      +                          T,
    35                           ; INCIDENTAL, SPECIAL, EXEMPLARY, OR CONSEQUENTIAL DAMAGES (INCLUDING BUT NOT LIMITED TO
    36                           ; PROCUREMENT OF SUBSTITUTE GOODS OR SERVICES; LOSS OF USE, DATA OR PROFITS; OR BUSINESS
    37                           ; INTERRUPTION) HOWSOEVER CAUSED AND ON ANY THEORY OF LIABILITY, WHETHER IN CONTRACT, ST
      +                          RICT
    38                           ; LIABILITY, OR TORT (INCLUDING NEGLIGENCE OR OTHERWISE) ARISING IN ANY WAY OUT OF THE U
      +                          SE OF
    39                           ; THIS SOFTWARE, EVEN IF ADVISED OF THE POSSIBILITY OF SUCH DAMAGE.
    40                           ; 
    41                           ; 
    42                           ; Code-generator required, PIC18F45K22 Definitions
    43                           ; 
    44                           ; SFR Addresses
    45  0000                     _T2CONbits	set	4026
    46  0000                     _PIR1bits	set	3998
    47  0000                     _TMR2	set	4028
    48  0000                     _CCPR1L	set	4030
    49  0000                     _T2CON	set	4026
    50  0000                     _PR2	set	4027
    51  0000                     _CCP1CON	set	4029
    52  0000                     _TRISD	set	3989
    53  0000                     _TRISC	set	3988
    54                           
    55                           ; #config settings
    56  0000                     
    57                           	psect	cinit
    58  007FA8                     __pcinit:
    59                           	opt stack 0
    60  007FA8                     start_initialization:
    61                           	opt stack 0
    62  007FA8                     __initialization:
    63                           	opt stack 0
    64  007FA8                     end_of_initialization:
    65                           	opt stack 0
    66  007FA8                     __end_of__initialization:
    67                           	opt stack 0
    68  007FA8  0100               	movlb	0
    69  007FAA  EFD7  F03F         	goto	_main	;jump to C main() function
    70                           
    71                           	psect	cstackCOMRAM
    72  000001                     __pcstackCOMRAM:
    73                           	opt stack 0
    74  000001                     ??_main:
    75                           
    76                           ; 1 bytes @ 0x0
    77  000001                     	ds	1
    78  000002                     main@i:
    79                           	opt stack 0
    80                           
    81                           ; 2 bytes @ 0x1
    82  000002                     	ds	2
    83                           
    84 ;;
    85 ;;Main: autosize = 0, tempsize = 1, incstack = 0, save=0
    86 ;;
    87 ;; *************** function _main *****************
    88 ;; Defined at:
    89 ;;		line 81 in file "Automation-9.c"
    90 ;; Parameters:    Size  Location     Type
    91 ;;		None
    92 ;; Auto vars:     Size  Location     Type
    93 ;;  i               2    1[COMRAM] int 
    94 ;; Return value:  Size  Location     Type
    95 ;;                  1    wreg      void 
    96 ;; Registers used:
    97 ;;		wreg, status,2, status,0
    98 ;; Tracked objects:
    99 ;;		On entry : 0/0
   100 ;;		On exit  : 0/0
   101 ;;		Unchanged: 0/0
   102 ;; Data sizes:     COMRAM   BANK0   BANK1   BANK2   BANK3   BANK4   BANK5
   103 ;;      Params:         0       0       0       0       0       0       0
   104 ;;      Locals:         2       0       0       0       0       0       0
   105 ;;      Temps:          1       0       0       0       0       0       0
   106 ;;      Totals:         3       0       0       0       0       0       0
   107 ;;Total ram usage:        3 bytes
   108 ;; This function calls:
   109 ;;		Nothing
   110 ;; This function is called by:
   111 ;;		Startup code after reset
   112 ;; This function uses a non-reentrant model
   113 ;;
   114                           
   115                           	psect	text0
   116  007FAE                     __ptext0:
   117                           	opt stack 0
   118  007FAE                     _main:
   119                           	opt stack 31
   120                           
   121                           ;Automation-9.c: 83: TRISC=0x00;
   122                           
   123                           ;incstack = 0
   124  007FAE  0E00               	movlw	0
   125  007FB0  6E94               	movwf	3988,c	;volatile
   126                           
   127                           ;Automation-9.c: 84: TRISD=0x80;
   128  007FB2  0E80               	movlw	128
   129  007FB4  6E95               	movwf	3989,c	;volatile
   130                           
   131                           ;Automation-9.c: 85: CCP1CON=0X3C;
   132  007FB6  0E3C               	movlw	60
   133  007FB8  6EBD               	movwf	4029,c	;volatile
   134                           
   135                           ;Automation-9.c: 86: PR2=100;
   136  007FBA  0E64               	movlw	100
   137  007FBC  6EBB               	movwf	4027,c	;volatile
   138                           
   139                           ;Automation-9.c: 87: T2CON=0X01;
   140  007FBE  0E01               	movlw	1
   141  007FC0  6EBA               	movwf	4026,c	;volatile
   142  007FC2                     l25:
   143                           
   144                           ;Automation-9.c: 89: {
   145                           ;Automation-9.c: 90: for(int i=0;i<100;i++)
   146  007FC2  0E00               	movlw	0
   147  007FC4  6E03               	movwf	main@i+1,c
   148  007FC6  0E00               	movlw	0
   149  007FC8  6E02               	movwf	main@i,c
   150  007FCA                     l657:
   151  007FCA  BE03               	btfsc	main@i+1,7,c
   152  007FCC  D006               	goto	l26
   153  007FCE  5003               	movf	main@i+1,w,c
   154  007FD0  E110               	bnz	l665
   155  007FD2  0E64               	movlw	100
   156  007FD4  5C02               	subwf	main@i,w,c
   157  007FD6  B0D8               	btfsc	status,0,c
   158  007FD8  D00C               	goto	u20
   159  007FDA                     l26:
   160                           
   161                           ;Automation-9.c: 91: {
   162                           ;Automation-9.c: 92: CCPR1L=i;
   163  007FDA  C002  FFBE         	movff	main@i,4030	;volatile
   164                           
   165                           ;Automation-9.c: 93: _delay((unsigned long)((10)*(16000000/4000.0)));
   166  007FDE  0E34               	movlw	52
   167  007FE0  6E01               	movwf	??_main& (0+255),c
   168  007FE2  0EF2               	movlw	242
   169  007FE4                     u47:
   170  007FE4  2EE8               	decfsz	wreg,f,c
   171  007FE6  D7FE               	bra	u47
   172  007FE8  2E01               	decfsz	??_main& (0+255),f,c
   173  007FEA  D7FC               	bra	u47
   174  007FEC  4A02               	infsnz	main@i,f,c
   175  007FEE  2A03               	incf	main@i+1,f,c
   176  007FF0  D7EC               	goto	l657
   177  007FF2                     u20:
   178  007FF2                     l665:
   179                           
   180                           ;Automation-9.c: 94: }
   181                           ;Automation-9.c: 95: TMR2=0X00;
   182  007FF2  0E00               	movlw	0
   183  007FF4  6EBC               	movwf	4028,c	;volatile
   184                           
   185                           ;Automation-9.c: 96: PIR1bits.TMR2IF=0;
   186  007FF6  929E               	bcf	3998,1,c	;volatile
   187                           
   188                           ;Automation-9.c: 97: T2CONbits.TMR2ON=1;
   189  007FF8  84BA               	bsf	4026,2,c	;volatile
   190  007FFA  B29E               	btfsc	3998,1,c	;volatile
   191  007FFC  D7E2               	goto	l25
   192  007FFE  D7FD               	goto	l29
   193  008000                     __end_of_main:
   194                           	opt stack 0
   195  0000                     wreg	equ	0xFE8
   196                           status	equ	0xFD8
   197                           wreg	equ	0xFE8
   198                           status	equ	0xFD8
   199                           
   200                           	psect	rparam
   201  0000                     wreg	equ	0xFE8
   202                           status	equ	0xFD8


Data Sizes:
    Strings     0
    Constant    0
    Data        0
    BSS         0
    Persistent  0
    Stack       0

Auto Spaces:
    Space          Size  Autos    Used
    COMRAM           95      3       3
    BANK0           160      0       0
    BANK1           256      0       0
    BANK2           256      0       0
    BANK3           256      0       0
    BANK4           256      0       0
    BANK5           256      0       0

Pointer List with Targets:

    None.

Critical Paths under _main in COMRAM

    None.

Critical Paths under _main in BANK0

    None.

Critical Paths under _main in BANK1

    None.

Critical Paths under _main in BANK2

    None.

Critical Paths under _main in BANK3

    None.

Critical Paths under _main in BANK4

    None.

Critical Paths under _main in BANK5

    None.

Call Graph Tables:

 ---------------------------------------------------------------------------------
 (Depth) Function   	        Calls       Base Space   Used Autos Params    Refs
 ---------------------------------------------------------------------------------
 (0) _main                                                 3     3      0      45
                                              0 COMRAM     3     3      0
 ---------------------------------------------------------------------------------
 Estimated maximum stack depth 0
 ---------------------------------------------------------------------------------

 Call Graph Graphs:

 _main (ROOT)

 Address spaces:
Name               Size   Autos  Total    Cost      Usage
BITCOMRAM           5F      0       0       0        0.0%
EEDATA             100      0       0       0        0.0%
NULL                 0      0       0       0        0.0%
CODE                 0      0       0       0        0.0%
COMRAM              5F      3       3       1        3.2%
STACK                0      0       0       2        0.0%
BITBANK0            A0      0       0       3        0.0%
BANK0               A0      0       0       4        0.0%
BITBANK1           100      0       0       5        0.0%
BANK1              100      0       0       6        0.0%
BITBANK2           100      0       0       7        0.0%
BANK2              100      0       0       8        0.0%
ABS                  0      0       0       9        0.0%
BITBANK3           100      0       0      10        0.0%
BANK3              100      0       0      11        0.0%
BITBANK4           100      0       0      12        0.0%
BANK4              100      0       0      13        0.0%
BITBANK5           100      0       0      14        0.0%
BANK5              100      0       0      15        0.0%
BIGRAM             5FF      0       0      16        0.0%
DATA                 0      0       0      17        0.0%
BITSFR_1             0      0       0     200        0.0%
SFR_1                0      0       0     200        0.0%
BITSFR               0      0       0     200        0.0%
SFR                  0      0       0     200        0.0%


Microchip Technology PIC18 Macro Assembler V1.45 build -152302408 
Symbol Table                                                                                   Sat Jan 13 13:23:24 2018

                     l25 7FC2                       l26 7FDA                       l29 7FFA  
                     u20 7FF2                       u47 7FE4             __CFG_CP0$OFF 000000  
           __CFG_CP1$OFF 000000             __CFG_CP2$OFF 000000             __CFG_CP3$OFF 000000  
                    l665 7FF2                      l657 7FCA             __CFG_CPB$OFF 000000  
                    _PR2 000FBB             __CFG_CPD$OFF 000000                      wreg 000FE8  
           __CFG_LVP$OFF 000000                     _TMR2 000FBC                     _main 7FAE  
          __CFG_BORV$190 000000                     start 0000            __CFG_IESO$OFF 000000  
           ___param_bank 000000                    ?_main 0001                    _T2CON 000FBA  
                  _TRISC 000F94                    _TRISD 000F95            __CFG_WRT0$OFF 000000  
          __CFG_WRT1$OFF 000000            __CFG_WRT2$OFF 000000            __CFG_WRT3$OFF 000000  
         __CFG_EBTR0$OFF 000000           __CFG_FCMEN$OFF 000000           __CFG_EBTR1$OFF 000000  
         __CFG_EBTR2$OFF 000000           __CFG_EBTR3$OFF 000000            __CFG_WRTB$OFF 000000  
          __CFG_WRTC$OFF 000000            __CFG_WRTD$OFF 000000           __CFG_EBTRB$OFF 000000  
     __CFG_MCLRE$EXTMCLR 000000                    main@i 0002                    status 000FD8  
         __CFG_FOSC$HSMP 000000          __initialization 7FA8             __end_of_main 8000  
                 ??_main 0001            __activetblptr 000000                   _CCPR1L 000FBE  
         __CFG_WDTEN$OFF 000000           __CFG_XINST$OFF 000000          __CFG_HFOFST$OFF 000000  
             __accesstop 0060  __end_of__initialization 7FA8          __CFG_PBADEN$OFF 000000  
          ___rparam_used 000001           __pcstackCOMRAM 0001          __CFG_PLLCFG$OFF 000000  
     __CFG_CCP2MX$PORTC1 000000       __CFG_CCP3MX$PORTB5 000000                  _CCP1CON 000FBD  
      __CFG_PRICLKEN$OFF 000000          __CFG_PWRTEN$OFF 000000                  __Hparam 0000  
                __Lparam 0000          __CFG_STVREN$OFF 000000                  __pcinit 7FA8  
                __ramtop 0600                  __ptext0 7FAE                _T2CONbits 000FBA  
   end_of_initialization 7FA8      start_initialization 7FA8                 _PIR1bits 000F9E  
       __CFG_WDTPS$32768 000000                 __Hrparam 0000                 __Lrparam 0000  
     __CFG_BOREN$SBORDIS 000000        __CFG_P2BMX$PORTD2 000000            __size_of_main 0052  
      __CFG_T3CMX$PORTC0 000000  
